DEBUG - 2025-11-06 02:25:18 --> Session: Class initialized using 'CodeIgniter\Session\Handlers\FileHandler' driver.
DEBUG - 2025-11-06 02:25:20 --> Session: Class initialized using 'CodeIgniter\Session\Handlers\FileHandler' driver.
DEBUG - 2025-11-06 02:25:49 --> Session: Class initialized using 'CodeIgniter\Session\Handlers\FileHandler' driver.
DEBUG - 2025-11-06 02:25:49 --> Session: Class initialized using 'CodeIgniter\Session\Handlers\FileHandler' driver.
DEBUG - 2025-11-06 03:00:56 --> Session: Class initialized using 'CodeIgniter\Session\Handlers\FileHandler' driver.
CRITICAL - 2025-11-06 03:00:57 --> CodeIgniter\Router\Exceptions\RouterException: Controller or its method is not found: ProductController::search
[Method: GET, Route: home]
in SYSTEMPATH\Helpers\url_helper.php on line 509.
 1 SYSTEMPATH\Helpers\url_helper.php(509): CodeIgniter\Router\Exceptions\RouterException::forControllerNotFound('ProductController', 'search')
 2 APPPATH\Views\components\header.php(37): url_to('ProductController::search')
 3 SYSTEMPATH\View\View.php(226): include('C:\\xampp\\htdocs\\unimarket\\Unimarket-PHP\\app\\Views\\components\\header.php')
 4 SYSTEMPATH\View\View.php(229): CodeIgniter\View\View->CodeIgniter\View\{closure}()
 5 SYSTEMPATH\Common.php(1167): CodeIgniter\View\View->render('components/header.php', [], true)
 6 APPPATH\Views\home.php(1): view('components/header.php')
 7 SYSTEMPATH\View\View.php(226): include('C:\\xampp\\htdocs\\unimarket\\Unimarket-PHP\\app\\Views\\home.php')
 8 SYSTEMPATH\View\View.php(229): CodeIgniter\View\View->CodeIgniter\View\{closure}()
 9 SYSTEMPATH\Common.php(1167): CodeIgniter\View\View->render('home', [], true)
10 APPPATH\Controllers\Home.php(54): view('home', [...])
11 SYSTEMPATH\CodeIgniter.php(933): App\Controllers\Home->index()
12 SYSTEMPATH\CodeIgniter.php(507): CodeIgniter\CodeIgniter->runController(Object(App\Controllers\Home))
13 SYSTEMPATH\CodeIgniter.php(354): CodeIgniter\CodeIgniter->handleRequest(null, Object(Config\Cache), false)
14 SYSTEMPATH\Boot.php(363): CodeIgniter\CodeIgniter->run()
15 SYSTEMPATH\Boot.php(68): CodeIgniter\Boot::runCodeIgniter(Object(CodeIgniter\CodeIgniter))
16 FCPATH\index.php(59): CodeIgniter\Boot::bootWeb(Object(Config\Paths))
17 SYSTEMPATH\rewrite.php(44): require_once('C:\\xampp\\htdocs\\unimarket\\Unimarket-PHP\\public\\index.php')
DEBUG - 2025-11-06 03:01:58 --> Session: Class initialized using 'CodeIgniter\Session\Handlers\FileHandler' driver.
DEBUG - 2025-11-06 03:05:43 --> Session: Class initialized using 'CodeIgniter\Session\Handlers\FileHandler' driver.
DEBUG - 2025-11-06 03:05:58 --> Session: Class initialized using 'CodeIgniter\Session\Handlers\FileHandler' driver.
CRITICAL - 2025-11-06 03:06:02 --> CodeIgniter\View\Exceptions\ViewException: Invalid file: "notFind.php"
[Method: GET, Route: products]
in SYSTEMPATH\Exceptions\FrameworkException.php on line 39.
 1 SYSTEMPATH\View\View.php(214): CodeIgniter\Exceptions\FrameworkException::forInvalidFile('notFind.php')
 2 SYSTEMPATH\Common.php(1167): CodeIgniter\View\View->render('notFind', [], true)
 3 APPPATH\Controllers\ProductController.php(50): view('notFind')
 4 SYSTEMPATH\CodeIgniter.php(933): App\Controllers\ProductController->search()
 5 SYSTEMPATH\CodeIgniter.php(507): CodeIgniter\CodeIgniter->runController(Object(App\Controllers\ProductController))
 6 SYSTEMPATH\CodeIgniter.php(354): CodeIgniter\CodeIgniter->handleRequest(null, Object(Config\Cache), false)
 7 SYSTEMPATH\Boot.php(363): CodeIgniter\CodeIgniter->run()
 8 SYSTEMPATH\Boot.php(68): CodeIgniter\Boot::runCodeIgniter(Object(CodeIgniter\CodeIgniter))
 9 FCPATH\index.php(59): CodeIgniter\Boot::bootWeb(Object(Config\Paths))
10 SYSTEMPATH\rewrite.php(44): require_once('C:\\xampp\\htdocs\\unimarket\\Unimarket-PHP\\public\\index.php')
CRITICAL - 2025-11-06 03:08:24 --> ErrorException: Undefined variable $categories
[Method: GET, Route: products]
in APPPATH\Views\components\header.php on line 27.
 1 APPPATH\Views\components\header.php(27): CodeIgniter\Debug\Exceptions->errorHandler(2, 'Undefined variable $categories', 'C:\\xampp\\htdocs\\unimarket\\Unimarket-PHP\\app\\Views\\components\\header.php', 27)
 2 SYSTEMPATH\View\View.php(226): include('C:\\xampp\\htdocs\\unimarket\\Unimarket-PHP\\app\\Views\\components\\header.php')
 3 SYSTEMPATH\View\View.php(229): CodeIgniter\View\View->CodeIgniter\View\{closure}()
 4 SYSTEMPATH\Common.php(1167): CodeIgniter\View\View->render('components/header.php', [], true)
 5 APPPATH\Views\notFind.php(1): view('components/header.php')
 6 SYSTEMPATH\View\View.php(226): include('C:\\xampp\\htdocs\\unimarket\\Unimarket-PHP\\app\\Views\\notFind.php')
 7 SYSTEMPATH\View\View.php(229): CodeIgniter\View\View->CodeIgniter\View\{closure}()
 8 SYSTEMPATH\Common.php(1167): CodeIgniter\View\View->render('notFind', [], true)
 9 APPPATH\Controllers\ProductController.php(50): view('notFind')
10 SYSTEMPATH\CodeIgniter.php(933): App\Controllers\ProductController->search()
11 SYSTEMPATH\CodeIgniter.php(507): CodeIgniter\CodeIgniter->runController(Object(App\Controllers\ProductController))
12 SYSTEMPATH\CodeIgniter.php(354): CodeIgniter\CodeIgniter->handleRequest(null, Object(Config\Cache), false)
13 SYSTEMPATH\Boot.php(363): CodeIgniter\CodeIgniter->run()
14 SYSTEMPATH\Boot.php(68): CodeIgniter\Boot::runCodeIgniter(Object(CodeIgniter\CodeIgniter))
15 FCPATH\index.php(59): CodeIgniter\Boot::bootWeb(Object(Config\Paths))
16 SYSTEMPATH\rewrite.php(44): require_once('C:\\xampp\\htdocs\\unimarket\\Unimarket-PHP\\public\\index.php')
CRITICAL - 2025-11-06 03:08:34 --> ErrorException: Undefined variable $categories
[Method: GET, Route: products]
in APPPATH\Views\components\header.php on line 27.
 1 APPPATH\Views\components\header.php(27): CodeIgniter\Debug\Exceptions->errorHandler(2, 'Undefined variable $categories', 'C:\\xampp\\htdocs\\unimarket\\Unimarket-PHP\\app\\Views\\components\\header.php', 27)
 2 SYSTEMPATH\View\View.php(226): include('C:\\xampp\\htdocs\\unimarket\\Unimarket-PHP\\app\\Views\\components\\header.php')
 3 SYSTEMPATH\View\View.php(229): CodeIgniter\View\View->CodeIgniter\View\{closure}()
 4 SYSTEMPATH\Common.php(1167): CodeIgniter\View\View->render('components/header.php', [], true)
 5 APPPATH\Views\notFind.php(1): view('components/header.php')
 6 SYSTEMPATH\View\View.php(226): include('C:\\xampp\\htdocs\\unimarket\\Unimarket-PHP\\app\\Views\\notFind.php')
 7 SYSTEMPATH\View\View.php(229): CodeIgniter\View\View->CodeIgniter\View\{closure}()
 8 SYSTEMPATH\Common.php(1167): CodeIgniter\View\View->render('notFind', [], true)
 9 APPPATH\Controllers\ProductController.php(50): view('notFind')
10 SYSTEMPATH\CodeIgniter.php(933): App\Controllers\ProductController->search()
11 SYSTEMPATH\CodeIgniter.php(507): CodeIgniter\CodeIgniter->runController(Object(App\Controllers\ProductController))
12 SYSTEMPATH\CodeIgniter.php(354): CodeIgniter\CodeIgniter->handleRequest(null, Object(Config\Cache), false)
13 SYSTEMPATH\Boot.php(363): CodeIgniter\CodeIgniter->run()
14 SYSTEMPATH\Boot.php(68): CodeIgniter\Boot::runCodeIgniter(Object(CodeIgniter\CodeIgniter))
15 FCPATH\index.php(59): CodeIgniter\Boot::bootWeb(Object(Config\Paths))
16 SYSTEMPATH\rewrite.php(44): require_once('C:\\xampp\\htdocs\\unimarket\\Unimarket-PHP\\public\\index.php')
CRITICAL - 2025-11-06 03:08:34 --> ErrorException: Undefined variable $categories
[Method: GET, Route: products]
in APPPATH\Views\components\header.php on line 27.
 1 APPPATH\Views\components\header.php(27): CodeIgniter\Debug\Exceptions->errorHandler(2, 'Undefined variable $categories', 'C:\\xampp\\htdocs\\unimarket\\Unimarket-PHP\\app\\Views\\components\\header.php', 27)
 2 SYSTEMPATH\View\View.php(226): include('C:\\xampp\\htdocs\\unimarket\\Unimarket-PHP\\app\\Views\\components\\header.php')
 3 SYSTEMPATH\View\View.php(229): CodeIgniter\View\View->CodeIgniter\View\{closure}()
 4 SYSTEMPATH\Common.php(1167): CodeIgniter\View\View->render('components/header.php', [], true)
 5 APPPATH\Views\notFind.php(1): view('components/header.php')
 6 SYSTEMPATH\View\View.php(226): include('C:\\xampp\\htdocs\\unimarket\\Unimarket-PHP\\app\\Views\\notFind.php')
 7 SYSTEMPATH\View\View.php(229): CodeIgniter\View\View->CodeIgniter\View\{closure}()
 8 SYSTEMPATH\Common.php(1167): CodeIgniter\View\View->render('notFind', [], true)
 9 APPPATH\Controllers\ProductController.php(50): view('notFind')
10 SYSTEMPATH\CodeIgniter.php(933): App\Controllers\ProductController->search()
11 SYSTEMPATH\CodeIgniter.php(507): CodeIgniter\CodeIgniter->runController(Object(App\Controllers\ProductController))
12 SYSTEMPATH\CodeIgniter.php(354): CodeIgniter\CodeIgniter->handleRequest(null, Object(Config\Cache), false)
13 SYSTEMPATH\Boot.php(363): CodeIgniter\CodeIgniter->run()
14 SYSTEMPATH\Boot.php(68): CodeIgniter\Boot::runCodeIgniter(Object(CodeIgniter\CodeIgniter))
15 FCPATH\index.php(59): CodeIgniter\Boot::bootWeb(Object(Config\Paths))
16 SYSTEMPATH\rewrite.php(44): require_once('C:\\xampp\\htdocs\\unimarket\\Unimarket-PHP\\public\\index.php')
CRITICAL - 2025-11-06 03:11:44 --> ErrorException: Undefined variable $categories
[Method: GET, Route: products]
in APPPATH\Views\components\header.php on line 27.
 1 APPPATH\Views\components\header.php(27): CodeIgniter\Debug\Exceptions->errorHandler(2, 'Undefined variable $categories', 'C:\\xampp\\htdocs\\unimarket\\Unimarket-PHP\\app\\Views\\components\\header.php', 27)
 2 SYSTEMPATH\View\View.php(226): include('C:\\xampp\\htdocs\\unimarket\\Unimarket-PHP\\app\\Views\\components\\header.php')
 3 SYSTEMPATH\View\View.php(229): CodeIgniter\View\View->CodeIgniter\View\{closure}()
 4 SYSTEMPATH\Common.php(1167): CodeIgniter\View\View->render('components/header.php', [], true)
 5 APPPATH\Views\notFind.php(1): view('components/header.php')
 6 SYSTEMPATH\View\View.php(226): include('C:\\xampp\\htdocs\\unimarket\\Unimarket-PHP\\app\\Views\\notFind.php')
 7 SYSTEMPATH\View\View.php(229): CodeIgniter\View\View->CodeIgniter\View\{closure}()
 8 SYSTEMPATH\Common.php(1167): CodeIgniter\View\View->render('notFind', [], true)
 9 APPPATH\Controllers\ProductController.php(50): view('notFind')
10 SYSTEMPATH\CodeIgniter.php(933): App\Controllers\ProductController->search()
11 SYSTEMPATH\CodeIgniter.php(507): CodeIgniter\CodeIgniter->runController(Object(App\Controllers\ProductController))
12 SYSTEMPATH\CodeIgniter.php(354): CodeIgniter\CodeIgniter->handleRequest(null, Object(Config\Cache), false)
13 SYSTEMPATH\Boot.php(363): CodeIgniter\CodeIgniter->run()
14 SYSTEMPATH\Boot.php(68): CodeIgniter\Boot::runCodeIgniter(Object(CodeIgniter\CodeIgniter))
15 FCPATH\index.php(59): CodeIgniter\Boot::bootWeb(Object(Config\Paths))
16 SYSTEMPATH\rewrite.php(44): require_once('C:\\xampp\\htdocs\\unimarket\\Unimarket-PHP\\public\\index.php')
CRITICAL - 2025-11-06 03:11:46 --> ErrorException: Undefined variable $categories
[Method: GET, Route: products]
in APPPATH\Views\components\header.php on line 27.
 1 APPPATH\Views\components\header.php(27): CodeIgniter\Debug\Exceptions->errorHandler(2, 'Undefined variable $categories', 'C:\\xampp\\htdocs\\unimarket\\Unimarket-PHP\\app\\Views\\components\\header.php', 27)
 2 SYSTEMPATH\View\View.php(226): include('C:\\xampp\\htdocs\\unimarket\\Unimarket-PHP\\app\\Views\\components\\header.php')
 3 SYSTEMPATH\View\View.php(229): CodeIgniter\View\View->CodeIgniter\View\{closure}()
 4 SYSTEMPATH\Common.php(1167): CodeIgniter\View\View->render('components/header.php', [], true)
 5 APPPATH\Views\notFind.php(1): view('components/header.php')
 6 SYSTEMPATH\View\View.php(226): include('C:\\xampp\\htdocs\\unimarket\\Unimarket-PHP\\app\\Views\\notFind.php')
 7 SYSTEMPATH\View\View.php(229): CodeIgniter\View\View->CodeIgniter\View\{closure}()
 8 SYSTEMPATH\Common.php(1167): CodeIgniter\View\View->render('notFind', [], true)
 9 APPPATH\Controllers\ProductController.php(50): view('notFind')
10 SYSTEMPATH\CodeIgniter.php(933): App\Controllers\ProductController->search()
11 SYSTEMPATH\CodeIgniter.php(507): CodeIgniter\CodeIgniter->runController(Object(App\Controllers\ProductController))
12 SYSTEMPATH\CodeIgniter.php(354): CodeIgniter\CodeIgniter->handleRequest(null, Object(Config\Cache), false)
13 SYSTEMPATH\Boot.php(363): CodeIgniter\CodeIgniter->run()
14 SYSTEMPATH\Boot.php(68): CodeIgniter\Boot::runCodeIgniter(Object(CodeIgniter\CodeIgniter))
15 FCPATH\index.php(59): CodeIgniter\Boot::bootWeb(Object(Config\Paths))
16 SYSTEMPATH\rewrite.php(44): require_once('C:\\xampp\\htdocs\\unimarket\\Unimarket-PHP\\public\\index.php')
DEBUG - 2025-11-06 03:11:47 --> Session: Class initialized using 'CodeIgniter\Session\Handlers\FileHandler' driver.
DEBUG - 2025-11-06 03:11:49 --> Session: Class initialized using 'CodeIgniter\Session\Handlers\FileHandler' driver.
DEBUG - 2025-11-06 03:11:49 --> Session: Class initialized using 'CodeIgniter\Session\Handlers\FileHandler' driver.
DEBUG - 2025-11-06 03:11:53 --> Session: Class initialized using 'CodeIgniter\Session\Handlers\FileHandler' driver.
DEBUG - 2025-11-06 03:11:54 --> Session: Class initialized using 'CodeIgniter\Session\Handlers\FileHandler' driver.
CRITICAL - 2025-11-06 03:11:58 --> ErrorException: Undefined variable $categories
[Method: GET, Route: products]
in APPPATH\Views\components\header.php on line 27.
 1 APPPATH\Views\components\header.php(27): CodeIgniter\Debug\Exceptions->errorHandler(2, 'Undefined variable $categories', 'C:\\xampp\\htdocs\\unimarket\\Unimarket-PHP\\app\\Views\\components\\header.php', 27)
 2 SYSTEMPATH\View\View.php(226): include('C:\\xampp\\htdocs\\unimarket\\Unimarket-PHP\\app\\Views\\components\\header.php')
 3 SYSTEMPATH\View\View.php(229): CodeIgniter\View\View->CodeIgniter\View\{closure}()
 4 SYSTEMPATH\Common.php(1167): CodeIgniter\View\View->render('components/header.php', [], true)
 5 APPPATH\Views\notFind.php(1): view('components/header.php')
 6 SYSTEMPATH\View\View.php(226): include('C:\\xampp\\htdocs\\unimarket\\Unimarket-PHP\\app\\Views\\notFind.php')
 7 SYSTEMPATH\View\View.php(229): CodeIgniter\View\View->CodeIgniter\View\{closure}()
 8 SYSTEMPATH\Common.php(1167): CodeIgniter\View\View->render('notFind', [], true)
 9 APPPATH\Controllers\ProductController.php(50): view('notFind')
10 SYSTEMPATH\CodeIgniter.php(933): App\Controllers\ProductController->search()
11 SYSTEMPATH\CodeIgniter.php(507): CodeIgniter\CodeIgniter->runController(Object(App\Controllers\ProductController))
12 SYSTEMPATH\CodeIgniter.php(354): CodeIgniter\CodeIgniter->handleRequest(null, Object(Config\Cache), false)
13 SYSTEMPATH\Boot.php(363): CodeIgniter\CodeIgniter->run()
14 SYSTEMPATH\Boot.php(68): CodeIgniter\Boot::runCodeIgniter(Object(CodeIgniter\CodeIgniter))
15 FCPATH\index.php(59): CodeIgniter\Boot::bootWeb(Object(Config\Paths))
16 SYSTEMPATH\rewrite.php(44): require_once('C:\\xampp\\htdocs\\unimarket\\Unimarket-PHP\\public\\index.php')
DEBUG - 2025-11-06 03:13:23 --> Session: Class initialized using 'CodeIgniter\Session\Handlers\FileHandler' driver.
CRITICAL - 2025-11-06 03:13:23 --> ErrorException: Undefined variable $categories
[Method: GET, Route: products]
in APPPATH\Views\components\header.php on line 16.
 1 APPPATH\Views\components\header.php(16): CodeIgniter\Debug\Exceptions->errorHandler(2, 'Undefined variable $categories', 'C:\\xampp\\htdocs\\unimarket\\Unimarket-PHP\\app\\Views\\components\\header.php', 16)
 2 SYSTEMPATH\View\View.php(226): include('C:\\xampp\\htdocs\\unimarket\\Unimarket-PHP\\app\\Views\\components\\header.php')
 3 SYSTEMPATH\View\View.php(229): CodeIgniter\View\View->CodeIgniter\View\{closure}()
 4 SYSTEMPATH\Common.php(1167): CodeIgniter\View\View->render('components/header.php', [], true)
 5 APPPATH\Views\notFind.php(1): view('components/header.php')
 6 SYSTEMPATH\View\View.php(226): include('C:\\xampp\\htdocs\\unimarket\\Unimarket-PHP\\app\\Views\\notFind.php')
 7 SYSTEMPATH\View\View.php(229): CodeIgniter\View\View->CodeIgniter\View\{closure}()
 8 SYSTEMPATH\Common.php(1167): CodeIgniter\View\View->render('notFind', [], true)
 9 APPPATH\Controllers\ProductController.php(50): view('notFind')
10 SYSTEMPATH\CodeIgniter.php(933): App\Controllers\ProductController->search()
11 SYSTEMPATH\CodeIgniter.php(507): CodeIgniter\CodeIgniter->runController(Object(App\Controllers\ProductController))
12 SYSTEMPATH\CodeIgniter.php(354): CodeIgniter\CodeIgniter->handleRequest(null, Object(Config\Cache), false)
13 SYSTEMPATH\Boot.php(363): CodeIgniter\CodeIgniter->run()
14 SYSTEMPATH\Boot.php(68): CodeIgniter\Boot::runCodeIgniter(Object(CodeIgniter\CodeIgniter))
15 FCPATH\index.php(59): CodeIgniter\Boot::bootWeb(Object(Config\Paths))
16 SYSTEMPATH\rewrite.php(44): require_once('C:\\xampp\\htdocs\\unimarket\\Unimarket-PHP\\public\\index.php')
DEBUG - 2025-11-06 03:13:40 --> Session: Class initialized using 'CodeIgniter\Session\Handlers\FileHandler' driver.
CRITICAL - 2025-11-06 03:13:40 --> ErrorException: Undefined variable $isMobile
[Method: GET, Route: products]
in APPPATH\Views\components\header.php on line 99.
 1 APPPATH\Views\components\header.php(99): CodeIgniter\Debug\Exceptions->errorHandler(2, 'Undefined variable $isMobile', 'C:\\xampp\\htdocs\\unimarket\\Unimarket-PHP\\app\\Views\\components\\header.php', 99)
 2 SYSTEMPATH\View\View.php(226): include('C:\\xampp\\htdocs\\unimarket\\Unimarket-PHP\\app\\Views\\components\\header.php')
 3 SYSTEMPATH\View\View.php(229): CodeIgniter\View\View->CodeIgniter\View\{closure}()
 4 SYSTEMPATH\Common.php(1167): CodeIgniter\View\View->render('components/header.php', [], true)
 5 APPPATH\Views\notFind.php(1): view('components/header.php')
 6 SYSTEMPATH\View\View.php(226): include('C:\\xampp\\htdocs\\unimarket\\Unimarket-PHP\\app\\Views\\notFind.php')
 7 SYSTEMPATH\View\View.php(229): CodeIgniter\View\View->CodeIgniter\View\{closure}()
 8 SYSTEMPATH\Common.php(1167): CodeIgniter\View\View->render('notFind', [], true)
 9 APPPATH\Controllers\ProductController.php(50): view('notFind')
10 SYSTEMPATH\CodeIgniter.php(933): App\Controllers\ProductController->search()
11 SYSTEMPATH\CodeIgniter.php(507): CodeIgniter\CodeIgniter->runController(Object(App\Controllers\ProductController))
12 SYSTEMPATH\CodeIgniter.php(354): CodeIgniter\CodeIgniter->handleRequest(null, Object(Config\Cache), false)
13 SYSTEMPATH\Boot.php(363): CodeIgniter\CodeIgniter->run()
14 SYSTEMPATH\Boot.php(68): CodeIgniter\Boot::runCodeIgniter(Object(CodeIgniter\CodeIgniter))
15 FCPATH\index.php(59): CodeIgniter\Boot::bootWeb(Object(Config\Paths))
16 SYSTEMPATH\rewrite.php(44): require_once('C:\\xampp\\htdocs\\unimarket\\Unimarket-PHP\\public\\index.php')
CRITICAL - 2025-11-06 03:17:26 --> ErrorException: Undefined variable $categories
[Method: GET, Route: products]
in APPPATH\Views\components\header.php on line 27.
 1 APPPATH\Views\components\header.php(27): CodeIgniter\Debug\Exceptions->errorHandler(2, 'Undefined variable $categories', 'C:\\xampp\\htdocs\\unimarket\\Unimarket-PHP\\app\\Views\\components\\header.php', 27)
 2 SYSTEMPATH\View\View.php(226): include('C:\\xampp\\htdocs\\unimarket\\Unimarket-PHP\\app\\Views\\components\\header.php')
 3 SYSTEMPATH\View\View.php(229): CodeIgniter\View\View->CodeIgniter\View\{closure}()
 4 SYSTEMPATH\Common.php(1167): CodeIgniter\View\View->render('components/header.php', [], true)
 5 APPPATH\Views\notFind.php(1): view('components/header.php')
 6 SYSTEMPATH\View\View.php(226): include('C:\\xampp\\htdocs\\unimarket\\Unimarket-PHP\\app\\Views\\notFind.php')
 7 SYSTEMPATH\View\View.php(229): CodeIgniter\View\View->CodeIgniter\View\{closure}()
 8 SYSTEMPATH\Common.php(1167): CodeIgniter\View\View->render('notFind', [], true)
 9 APPPATH\Controllers\ProductController.php(51): view('notFind')
10 SYSTEMPATH\CodeIgniter.php(933): App\Controllers\ProductController->search()
11 SYSTEMPATH\CodeIgniter.php(507): CodeIgniter\CodeIgniter->runController(Object(App\Controllers\ProductController))
12 SYSTEMPATH\CodeIgniter.php(354): CodeIgniter\CodeIgniter->handleRequest(null, Object(Config\Cache), false)
13 SYSTEMPATH\Boot.php(363): CodeIgniter\CodeIgniter->run()
14 SYSTEMPATH\Boot.php(68): CodeIgniter\Boot::runCodeIgniter(Object(CodeIgniter\CodeIgniter))
15 FCPATH\index.php(59): CodeIgniter\Boot::bootWeb(Object(Config\Paths))
16 SYSTEMPATH\rewrite.php(44): require_once('C:\\xampp\\htdocs\\unimarket\\Unimarket-PHP\\public\\index.php')
CRITICAL - 2025-11-06 03:18:59 --> Error: Undefined constant "App\Controllers\categories"
[Method: GET, Route: products]
in APPPATH\Controllers\ProductController.php on line 56.
 1 SYSTEMPATH\CodeIgniter.php(933): App\Controllers\ProductController->search()
 2 SYSTEMPATH\CodeIgniter.php(507): CodeIgniter\CodeIgniter->runController(Object(App\Controllers\ProductController))
 3 SYSTEMPATH\CodeIgniter.php(354): CodeIgniter\CodeIgniter->handleRequest(null, Object(Config\Cache), false)
 4 SYSTEMPATH\Boot.php(363): CodeIgniter\CodeIgniter->run()
 5 SYSTEMPATH\Boot.php(68): CodeIgniter\Boot::runCodeIgniter(Object(CodeIgniter\CodeIgniter))
 6 FCPATH\index.php(59): CodeIgniter\Boot::bootWeb(Object(Config\Paths))
 7 SYSTEMPATH\rewrite.php(44): require_once('C:\\xampp\\htdocs\\unimarket\\Unimarket-PHP\\public\\index.php')
DEBUG - 2025-11-06 03:19:15 --> Session: Class initialized using 'CodeIgniter\Session\Handlers\FileHandler' driver.
DEBUG - 2025-11-06 03:19:38 --> Session: Class initialized using 'CodeIgniter\Session\Handlers\FileHandler' driver.
DEBUG - 2025-11-06 23:24:02 --> Session: Class initialized using 'CodeIgniter\Session\Handlers\FileHandler' driver.
DEBUG - 2025-11-06 23:24:03 --> Session: Class initialized using 'CodeIgniter\Session\Handlers\FileHandler' driver.
DEBUG - 2025-11-06 23:24:20 --> Session: Class initialized using 'CodeIgniter\Session\Handlers\FileHandler' driver.
DEBUG - 2025-11-06 23:24:21 --> Session: Class initialized using 'CodeIgniter\Session\Handlers\FileHandler' driver.
DEBUG - 2025-11-06 23:24:32 --> Session: Class initialized using 'CodeIgniter\Session\Handlers\FileHandler' driver.
DEBUG - 2025-11-06 23:27:34 --> Session: Class initialized using 'CodeIgniter\Session\Handlers\FileHandler' driver.
DEBUG - 2025-11-06 23:30:08 --> Session: Class initialized using 'CodeIgniter\Session\Handlers\FileHandler' driver.
DEBUG - 2025-11-06 23:39:02 --> Session: Class initialized using 'CodeIgniter\Session\Handlers\FileHandler' driver.
DEBUG - 2025-11-06 23:39:54 --> Session: Class initialized using 'CodeIgniter\Session\Handlers\FileHandler' driver.
DEBUG - 2025-11-06 23:41:02 --> Session: Class initialized using 'CodeIgniter\Session\Handlers\FileHandler' driver.
DEBUG - 2025-11-06 23:41:10 --> Session: Class initialized using 'CodeIgniter\Session\Handlers\FileHandler' driver.
CRITICAL - 2025-11-06 23:45:41 --> ErrorException: Undefined variable $notTransp
[Method: GET, Route: products]
in APPPATH\Views\components\header.php on line 15.
 1 APPPATH\Views\components\header.php(15): CodeIgniter\Debug\Exceptions->errorHandler(2, 'Undefined variable $notTransp', 'C:\\xampp\\htdocs\\unimarket\\Unimarket-PHP\\app\\Views\\components\\header.php', 15)
 2 SYSTEMPATH\View\View.php(226): include('C:\\xampp\\htdocs\\unimarket\\Unimarket-PHP\\app\\Views\\components\\header.php')
 3 SYSTEMPATH\View\View.php(229): CodeIgniter\View\View->CodeIgniter\View\{closure}()
 4 SYSTEMPATH\Common.php(1167): CodeIgniter\View\View->render('components/header.php', [], true)
 5 APPPATH\Views\catalog.php(1): view('components/header.php')
 6 SYSTEMPATH\View\View.php(226): include('C:\\xampp\\htdocs\\unimarket\\Unimarket-PHP\\app\\Views\\catalog.php')
 7 SYSTEMPATH\View\View.php(229): CodeIgniter\View\View->CodeIgniter\View\{closure}()
 8 SYSTEMPATH\Common.php(1167): CodeIgniter\View\View->render('catalog', [], true)
 9 APPPATH\Controllers\ProductController.php(71): view('catalog', [...])
10 SYSTEMPATH\CodeIgniter.php(933): App\Controllers\ProductController->search()
11 SYSTEMPATH\CodeIgniter.php(507): CodeIgniter\CodeIgniter->runController(Object(App\Controllers\ProductController))
12 SYSTEMPATH\CodeIgniter.php(354): CodeIgniter\CodeIgniter->handleRequest(null, Object(Config\Cache), false)
13 SYSTEMPATH\Boot.php(363): CodeIgniter\CodeIgniter->run()
14 SYSTEMPATH\Boot.php(68): CodeIgniter\Boot::runCodeIgniter(Object(CodeIgniter\CodeIgniter))
15 FCPATH\index.php(59): CodeIgniter\Boot::bootWeb(Object(Config\Paths))
16 SYSTEMPATH\rewrite.php(44): require_once('C:\\xampp\\htdocs\\unimarket\\Unimarket-PHP\\public\\index.php')
CRITICAL - 2025-11-06 23:47:18 --> ErrorException: Undefined variable $notTransp
[Method: GET, Route: products]
in APPPATH\Views\components\header.php on line 15.
 1 APPPATH\Views\components\header.php(15): CodeIgniter\Debug\Exceptions->errorHandler(2, 'Undefined variable $notTransp', 'C:\\xampp\\htdocs\\unimarket\\Unimarket-PHP\\app\\Views\\components\\header.php', 15)
 2 SYSTEMPATH\View\View.php(226): include('C:\\xampp\\htdocs\\unimarket\\Unimarket-PHP\\app\\Views\\components\\header.php')
 3 SYSTEMPATH\View\View.php(229): CodeIgniter\View\View->CodeIgniter\View\{closure}()
 4 SYSTEMPATH\Common.php(1167): CodeIgniter\View\View->render('components/header.php', [], true)
 5 APPPATH\Views\catalog.php(1): view('components/header.php')
 6 SYSTEMPATH\View\View.php(226): include('C:\\xampp\\htdocs\\unimarket\\Unimarket-PHP\\app\\Views\\catalog.php')
 7 SYSTEMPATH\View\View.php(229): CodeIgniter\View\View->CodeIgniter\View\{closure}()
 8 SYSTEMPATH\Common.php(1167): CodeIgniter\View\View->render('catalog', [], true)
 9 APPPATH\Controllers\ProductController.php(71): view('catalog', [...])
10 SYSTEMPATH\CodeIgniter.php(933): App\Controllers\ProductController->search()
11 SYSTEMPATH\CodeIgniter.php(507): CodeIgniter\CodeIgniter->runController(Object(App\Controllers\ProductController))
12 SYSTEMPATH\CodeIgniter.php(354): CodeIgniter\CodeIgniter->handleRequest(null, Object(Config\Cache), false)
13 SYSTEMPATH\Boot.php(363): CodeIgniter\CodeIgniter->run()
14 SYSTEMPATH\Boot.php(68): CodeIgniter\Boot::runCodeIgniter(Object(CodeIgniter\CodeIgniter))
15 FCPATH\index.php(59): CodeIgniter\Boot::bootWeb(Object(Config\Paths))
16 SYSTEMPATH\rewrite.php(44): require_once('C:\\xampp\\htdocs\\unimarket\\Unimarket-PHP\\public\\index.php')
DEBUG - 2025-11-06 23:48:36 --> Session: Class initialized using 'CodeIgniter\Session\Handlers\FileHandler' driver.
CRITICAL - 2025-11-06 23:48:36 --> ErrorException: Attempt to read property "search" on string
[Method: GET, Route: products]
in APPPATH\Views\catalog.php on line 8.
 1 APPPATH\Views\catalog.php(8): CodeIgniter\Debug\Exceptions->errorHandler(2, 'Attempt to read property "search" on string', 'C:\\xampp\\htdocs\\unimarket\\Unimarket-PHP\\app\\Views\\catalog.php', 8)
 2 SYSTEMPATH\View\View.php(226): include('C:\\xampp\\htdocs\\unimarket\\Unimarket-PHP\\app\\Views\\catalog.php')
 3 SYSTEMPATH\View\View.php(229): CodeIgniter\View\View->CodeIgniter\View\{closure}()
 4 SYSTEMPATH\Common.php(1167): CodeIgniter\View\View->render('catalog', [], true)
 5 APPPATH\Controllers\ProductController.php(71): view('catalog', [...])
 6 SYSTEMPATH\CodeIgniter.php(933): App\Controllers\ProductController->search()
 7 SYSTEMPATH\CodeIgniter.php(507): CodeIgniter\CodeIgniter->runController(Object(App\Controllers\ProductController))
 8 SYSTEMPATH\CodeIgniter.php(354): CodeIgniter\CodeIgniter->handleRequest(null, Object(Config\Cache), false)
 9 SYSTEMPATH\Boot.php(363): CodeIgniter\CodeIgniter->run()
10 SYSTEMPATH\Boot.php(68): CodeIgniter\Boot::runCodeIgniter(Object(CodeIgniter\CodeIgniter))
11 FCPATH\index.php(59): CodeIgniter\Boot::bootWeb(Object(Config\Paths))
12 SYSTEMPATH\rewrite.php(44): require_once('C:\\xampp\\htdocs\\unimarket\\Unimarket-PHP\\public\\index.php')
DEBUG - 2025-11-06 23:49:41 --> Session: Class initialized using 'CodeIgniter\Session\Handlers\FileHandler' driver.
DEBUG - 2025-11-06 23:51:42 --> Session: Class initialized using 'CodeIgniter\Session\Handlers\FileHandler' driver.
DEBUG - 2025-11-06 23:51:51 --> Session: Class initialized using 'CodeIgniter\Session\Handlers\FileHandler' driver.
DEBUG - 2025-11-06 23:51:55 --> Session: Class initialized using 'CodeIgniter\Session\Handlers\FileHandler' driver.
DEBUG - 2025-11-06 23:52:01 --> Session: Class initialized using 'CodeIgniter\Session\Handlers\FileHandler' driver.
DEBUG - 2025-11-06 23:52:05 --> Session: Class initialized using 'CodeIgniter\Session\Handlers\FileHandler' driver.
DEBUG - 2025-11-06 23:52:11 --> Session: Class initialized using 'CodeIgniter\Session\Handlers\FileHandler' driver.
DEBUG - 2025-11-06 23:53:27 --> Session: Class initialized using 'CodeIgniter\Session\Handlers\FileHandler' driver.
CRITICAL - 2025-11-06 23:53:27 --> ErrorException: Attempt to read property "image" on string
[Method: GET, Route: products]
in APPPATH\Views\components\product-card.php on line 17.
 1 APPPATH\Views\components\product-card.php(17): CodeIgniter\Debug\Exceptions->errorHandler(2, 'Attempt to read property "image" on string', 'C:\\xampp\\htdocs\\unimarket\\Unimarket-PHP\\app\\Views\\components\\product-card.php', 17)
 2 SYSTEMPATH\View\View.php(226): include('C:\\xampp\\htdocs\\unimarket\\Unimarket-PHP\\app\\Views\\components\\product-card.php')
 3 SYSTEMPATH\View\View.php(229): CodeIgniter\View\View->CodeIgniter\View\{closure}()
 4 SYSTEMPATH\Common.php(1167): CodeIgniter\View\View->render('components/product-card', [], true)
 5 APPPATH\Views\catalog.php(11): view('components/product-card', [...])
 6 SYSTEMPATH\View\View.php(226): include('C:\\xampp\\htdocs\\unimarket\\Unimarket-PHP\\app\\Views\\catalog.php')
 7 SYSTEMPATH\View\View.php(229): CodeIgniter\View\View->CodeIgniter\View\{closure}()
 8 SYSTEMPATH\Common.php(1167): CodeIgniter\View\View->render('catalog', [], true)
 9 APPPATH\Controllers\ProductController.php(71): view('catalog', [...])
10 SYSTEMPATH\CodeIgniter.php(933): App\Controllers\ProductController->search()
11 SYSTEMPATH\CodeIgniter.php(507): CodeIgniter\CodeIgniter->runController(Object(App\Controllers\ProductController))
12 SYSTEMPATH\CodeIgniter.php(354): CodeIgniter\CodeIgniter->handleRequest(null, Object(Config\Cache), false)
13 SYSTEMPATH\Boot.php(363): CodeIgniter\CodeIgniter->run()
14 SYSTEMPATH\Boot.php(68): CodeIgniter\Boot::runCodeIgniter(Object(CodeIgniter\CodeIgniter))
15 FCPATH\index.php(59): CodeIgniter\Boot::bootWeb(Object(Config\Paths))
16 SYSTEMPATH\rewrite.php(44): require_once('C:\\xampp\\htdocs\\unimarket\\Unimarket-PHP\\public\\index.php')
CRITICAL - 2025-11-06 23:55:20 --> ErrorException: Undefined variable $product
[Method: GET, Route: products]
in APPPATH\Controllers\ProductController.php on line 53.
 1 APPPATH\Controllers\ProductController.php(53): CodeIgniter\Debug\Exceptions->errorHandler(2, 'Undefined variable $product', 'C:\\xampp\\htdocs\\unimarket\\Unimarket-PHP\\app\\Controllers\\ProductController.php', 53)
 2 SYSTEMPATH\CodeIgniter.php(933): App\Controllers\ProductController->search()
 3 SYSTEMPATH\CodeIgniter.php(507): CodeIgniter\CodeIgniter->runController(Object(App\Controllers\ProductController))
 4 SYSTEMPATH\CodeIgniter.php(354): CodeIgniter\CodeIgniter->handleRequest(null, Object(Config\Cache), false)
 5 SYSTEMPATH\Boot.php(363): CodeIgniter\CodeIgniter->run()
 6 SYSTEMPATH\Boot.php(68): CodeIgniter\Boot::runCodeIgniter(Object(CodeIgniter\CodeIgniter))
 7 FCPATH\index.php(59): CodeIgniter\Boot::bootWeb(Object(Config\Paths))
 8 SYSTEMPATH\rewrite.php(44): require_once('C:\\xampp\\htdocs\\unimarket\\Unimarket-PHP\\public\\index.php')
DEBUG - 2025-11-06 23:56:35 --> Session: Class initialized using 'CodeIgniter\Session\Handlers\FileHandler' driver.
DEBUG - 2025-11-06 23:57:37 --> Session: Class initialized using 'CodeIgniter\Session\Handlers\FileHandler' driver.
DEBUG - 2025-11-06 23:57:58 --> Session: Class initialized using 'CodeIgniter\Session\Handlers\FileHandler' driver.
DEBUG - 2025-11-06 23:58:05 --> Session: Class initialized using 'CodeIgniter\Session\Handlers\FileHandler' driver.
DEBUG - 2025-11-06 23:58:38 --> Session: Class initialized using 'CodeIgniter\Session\Handlers\FileHandler' driver.
