DEBUG - 2025-11-17 01:20:48 --> Session: Class initialized using 'CodeIgniter\Session\Handlers\FileHandler' driver.
DEBUG - 2025-11-17 01:20:49 --> Session: Class initialized using 'CodeIgniter\Session\Handlers\FileHandler' driver.
DEBUG - 2025-11-17 01:20:58 --> Session: Class initialized using 'CodeIgniter\Session\Handlers\FileHandler' driver.
DEBUG - 2025-11-17 01:21:38 --> Session: Class initialized using 'CodeIgniter\Session\Handlers\FileHandler' driver.
DEBUG - 2025-11-17 01:22:13 --> Session: Class initialized using 'CodeIgniter\Session\Handlers\FileHandler' driver.
DEBUG - 2025-11-17 01:22:16 --> Session: Class initialized using 'CodeIgniter\Session\Handlers\FileHandler' driver.
DEBUG - 2025-11-17 01:22:52 --> Session: Class initialized using 'CodeIgniter\Session\Handlers\FileHandler' driver.
DEBUG - 2025-11-17 01:23:03 --> Session: Class initialized using 'CodeIgniter\Session\Handlers\FileHandler' driver.
DEBUG - 2025-11-17 01:23:09 --> Session: Class initialized using 'CodeIgniter\Session\Handlers\FileHandler' driver.
DEBUG - 2025-11-17 01:24:45 --> Session: Class initialized using 'CodeIgniter\Session\Handlers\FileHandler' driver.
DEBUG - 2025-11-17 01:25:03 --> Session: Class initialized using 'CodeIgniter\Session\Handlers\FileHandler' driver.
DEBUG - 2025-11-17 01:25:27 --> Session: Class initialized using 'CodeIgniter\Session\Handlers\FileHandler' driver.
DEBUG - 2025-11-17 01:27:51 --> Session: Class initialized using 'CodeIgniter\Session\Handlers\FileHandler' driver.
DEBUG - 2025-11-17 01:27:51 --> Session: Class initialized using 'CodeIgniter\Session\Handlers\FileHandler' driver.
DEBUG - 2025-11-17 01:27:51 --> Session: Class initialized using 'CodeIgniter\Session\Handlers\FileHandler' driver.
DEBUG - 2025-11-17 01:27:59 --> Session: Class initialized using 'CodeIgniter\Session\Handlers\FileHandler' driver.
DEBUG - 2025-11-17 01:27:59 --> Session: Class initialized using 'CodeIgniter\Session\Handlers\FileHandler' driver.
DEBUG - 2025-11-17 01:29:31 --> Session: Class initialized using 'CodeIgniter\Session\Handlers\FileHandler' driver.
DEBUG - 2025-11-17 01:29:44 --> Session: Class initialized using 'CodeIgniter\Session\Handlers\FileHandler' driver.
DEBUG - 2025-11-17 01:31:04 --> Session: Class initialized using 'CodeIgniter\Session\Handlers\FileHandler' driver.
DEBUG - 2025-11-17 01:33:00 --> Session: Class initialized using 'CodeIgniter\Session\Handlers\FileHandler' driver.
DEBUG - 2025-11-17 01:33:00 --> Session: Class initialized using 'CodeIgniter\Session\Handlers\FileHandler' driver.
DEBUG - 2025-11-17 01:33:05 --> Session: Class initialized using 'CodeIgniter\Session\Handlers\FileHandler' driver.
DEBUG - 2025-11-17 01:33:10 --> Session: Class initialized using 'CodeIgniter\Session\Handlers\FileHandler' driver.
DEBUG - 2025-11-17 01:33:12 --> Session: Class initialized using 'CodeIgniter\Session\Handlers\FileHandler' driver.
DEBUG - 2025-11-17 01:33:31 --> Session: Class initialized using 'CodeIgniter\Session\Handlers\FileHandler' driver.
DEBUG - 2025-11-17 01:43:08 --> Session: Class initialized using 'CodeIgniter\Session\Handlers\FileHandler' driver.
DEBUG - 2025-11-17 01:45:44 --> Session: Class initialized using 'CodeIgniter\Session\Handlers\FileHandler' driver.
DEBUG - 2025-11-17 01:45:54 --> Session: Class initialized using 'CodeIgniter\Session\Handlers\FileHandler' driver.
DEBUG - 2025-11-17 01:46:46 --> Session: Class initialized using 'CodeIgniter\Session\Handlers\FileHandler' driver.
DEBUG - 2025-11-17 01:47:01 --> Session: Class initialized using 'CodeIgniter\Session\Handlers\FileHandler' driver.
DEBUG - 2025-11-17 01:49:59 --> Session: Class initialized using 'CodeIgniter\Session\Handlers\FileHandler' driver.
DEBUG - 2025-11-17 01:50:17 --> Session: Class initialized using 'CodeIgniter\Session\Handlers\FileHandler' driver.
DEBUG - 2025-11-17 01:51:34 --> Session: Class initialized using 'CodeIgniter\Session\Handlers\FileHandler' driver.
DEBUG - 2025-11-17 01:52:50 --> Session: Class initialized using 'CodeIgniter\Session\Handlers\FileHandler' driver.
DEBUG - 2025-11-17 01:57:22 --> Session: Class initialized using 'CodeIgniter\Session\Handlers\FileHandler' driver.
DEBUG - 2025-11-17 01:57:41 --> Session: Class initialized using 'CodeIgniter\Session\Handlers\FileHandler' driver.
DEBUG - 2025-11-17 01:58:28 --> Session: Class initialized using 'CodeIgniter\Session\Handlers\FileHandler' driver.
DEBUG - 2025-11-17 01:58:35 --> Session: Class initialized using 'CodeIgniter\Session\Handlers\FileHandler' driver.
DEBUG - 2025-11-17 02:10:51 --> Session: Class initialized using 'CodeIgniter\Session\Handlers\FileHandler' driver.
CRITICAL - 2025-11-17 02:10:51 --> ErrorException: Undefined property: stdClass::$image
[Method: GET, Route: home]
in APPPATH\Views\home.php on line 62.
 1 APPPATH\Views\home.php(62): CodeIgniter\Debug\Exceptions->errorHandler(2, 'Undefined property: stdClass::$image', 'C:\\xampp\\htdocs\\unimarket\\Unimarket-PHP\\app\\Views\\home.php', 62)
 2 SYSTEMPATH\View\View.php(226): include('C:\\xampp\\htdocs\\unimarket\\Unimarket-PHP\\app\\Views\\home.php')
 3 SYSTEMPATH\View\View.php(229): CodeIgniter\View\View->CodeIgniter\View\{closure}()
 4 SYSTEMPATH\Common.php(1167): CodeIgniter\View\View->render('home', [], true)
 5 APPPATH\Controllers\Home.php(50): view('home', [...])
 6 SYSTEMPATH\CodeIgniter.php(933): App\Controllers\Home->index()
 7 SYSTEMPATH\CodeIgniter.php(507): CodeIgniter\CodeIgniter->runController(Object(App\Controllers\Home))
 8 SYSTEMPATH\CodeIgniter.php(354): CodeIgniter\CodeIgniter->handleRequest(null, Object(Config\Cache), false)
 9 SYSTEMPATH\Boot.php(363): CodeIgniter\CodeIgniter->run()
10 SYSTEMPATH\Boot.php(68): CodeIgniter\Boot::runCodeIgniter(Object(CodeIgniter\CodeIgniter))
11 FCPATH\index.php(59): CodeIgniter\Boot::bootWeb(Object(Config\Paths))
12 SYSTEMPATH\rewrite.php(44): require_once('C:\\xampp\\htdocs\\unimarket\\Unimarket-PHP\\public\\index.php')
DEBUG - 2025-11-17 02:24:14 --> Session: Class initialized using 'CodeIgniter\Session\Handlers\FileHandler' driver.
CRITICAL - 2025-11-17 02:24:14 --> ErrorException: Attempt to read property "nome" on null
[Method: GET, Route: home]
in APPPATH\Views\home.php on line 83.
 1 APPPATH\Views\home.php(83): CodeIgniter\Debug\Exceptions->errorHandler(2, 'Attempt to read property "nome" on null', 'C:\\xampp\\htdocs\\unimarket\\Unimarket-PHP\\app\\Views\\home.php', 83)
 2 SYSTEMPATH\View\View.php(226): include('C:\\xampp\\htdocs\\unimarket\\Unimarket-PHP\\app\\Views\\home.php')
 3 SYSTEMPATH\View\View.php(229): CodeIgniter\View\View->CodeIgniter\View\{closure}()
 4 SYSTEMPATH\Common.php(1167): CodeIgniter\View\View->render('home', [], true)
 5 APPPATH\Controllers\Home.php(50): view('home', [...])
 6 SYSTEMPATH\CodeIgniter.php(933): App\Controllers\Home->index()
 7 SYSTEMPATH\CodeIgniter.php(507): CodeIgniter\CodeIgniter->runController(Object(App\Controllers\Home))
 8 SYSTEMPATH\CodeIgniter.php(354): CodeIgniter\CodeIgniter->handleRequest(null, Object(Config\Cache), false)
 9 SYSTEMPATH\Boot.php(363): CodeIgniter\CodeIgniter->run()
10 SYSTEMPATH\Boot.php(68): CodeIgniter\Boot::runCodeIgniter(Object(CodeIgniter\CodeIgniter))
11 FCPATH\index.php(59): CodeIgniter\Boot::bootWeb(Object(Config\Paths))
12 SYSTEMPATH\rewrite.php(44): require_once('C:\\xampp\\htdocs\\unimarket\\Unimarket-PHP\\public\\index.php')
DEBUG - 2025-11-17 02:25:05 --> Session: Class initialized using 'CodeIgniter\Session\Handlers\FileHandler' driver.
CRITICAL - 2025-11-17 02:25:05 --> ErrorException: Attempt to read property "nome" on null
[Method: GET, Route: home]
in APPPATH\Views\home.php on line 83.
 1 APPPATH\Views\home.php(83): CodeIgniter\Debug\Exceptions->errorHandler(2, 'Attempt to read property "nome" on null', 'C:\\xampp\\htdocs\\unimarket\\Unimarket-PHP\\app\\Views\\home.php', 83)
 2 SYSTEMPATH\View\View.php(226): include('C:\\xampp\\htdocs\\unimarket\\Unimarket-PHP\\app\\Views\\home.php')
 3 SYSTEMPATH\View\View.php(229): CodeIgniter\View\View->CodeIgniter\View\{closure}()
 4 SYSTEMPATH\Common.php(1167): CodeIgniter\View\View->render('home', [], true)
 5 APPPATH\Controllers\Home.php(50): view('home', [...])
 6 SYSTEMPATH\CodeIgniter.php(933): App\Controllers\Home->index()
 7 SYSTEMPATH\CodeIgniter.php(507): CodeIgniter\CodeIgniter->runController(Object(App\Controllers\Home))
 8 SYSTEMPATH\CodeIgniter.php(354): CodeIgniter\CodeIgniter->handleRequest(null, Object(Config\Cache), false)
 9 SYSTEMPATH\Boot.php(363): CodeIgniter\CodeIgniter->run()
10 SYSTEMPATH\Boot.php(68): CodeIgniter\Boot::runCodeIgniter(Object(CodeIgniter\CodeIgniter))
11 FCPATH\index.php(59): CodeIgniter\Boot::bootWeb(Object(Config\Paths))
12 SYSTEMPATH\rewrite.php(44): require_once('C:\\xampp\\htdocs\\unimarket\\Unimarket-PHP\\public\\index.php')
DEBUG - 2025-11-17 02:25:10 --> Session: Class initialized using 'CodeIgniter\Session\Handlers\FileHandler' driver.
CRITICAL - 2025-11-17 02:25:10 --> ErrorException: Attempt to read property "nome" on null
[Method: GET, Route: home]
in APPPATH\Views\home.php on line 83.
 1 APPPATH\Views\home.php(83): CodeIgniter\Debug\Exceptions->errorHandler(2, 'Attempt to read property "nome" on null', 'C:\\xampp\\htdocs\\unimarket\\Unimarket-PHP\\app\\Views\\home.php', 83)
 2 SYSTEMPATH\View\View.php(226): include('C:\\xampp\\htdocs\\unimarket\\Unimarket-PHP\\app\\Views\\home.php')
 3 SYSTEMPATH\View\View.php(229): CodeIgniter\View\View->CodeIgniter\View\{closure}()
 4 SYSTEMPATH\Common.php(1167): CodeIgniter\View\View->render('home', [], true)
 5 APPPATH\Controllers\Home.php(50): view('home', [...])
 6 SYSTEMPATH\CodeIgniter.php(933): App\Controllers\Home->index()
 7 SYSTEMPATH\CodeIgniter.php(507): CodeIgniter\CodeIgniter->runController(Object(App\Controllers\Home))
 8 SYSTEMPATH\CodeIgniter.php(354): CodeIgniter\CodeIgniter->handleRequest(null, Object(Config\Cache), false)
 9 SYSTEMPATH\Boot.php(363): CodeIgniter\CodeIgniter->run()
10 SYSTEMPATH\Boot.php(68): CodeIgniter\Boot::runCodeIgniter(Object(CodeIgniter\CodeIgniter))
11 FCPATH\index.php(59): CodeIgniter\Boot::bootWeb(Object(Config\Paths))
12 SYSTEMPATH\rewrite.php(44): require_once('C:\\xampp\\htdocs\\unimarket\\Unimarket-PHP\\public\\index.php')
DEBUG - 2025-11-17 02:25:30 --> Session: Class initialized using 'CodeIgniter\Session\Handlers\FileHandler' driver.
CRITICAL - 2025-11-17 02:25:30 --> ErrorException: Attempt to read property "nome" on null
[Method: GET, Route: home]
in APPPATH\Views\home.php on line 83.
 1 APPPATH\Views\home.php(83): CodeIgniter\Debug\Exceptions->errorHandler(2, 'Attempt to read property "nome" on null', 'C:\\xampp\\htdocs\\unimarket\\Unimarket-PHP\\app\\Views\\home.php', 83)
 2 SYSTEMPATH\View\View.php(226): include('C:\\xampp\\htdocs\\unimarket\\Unimarket-PHP\\app\\Views\\home.php')
 3 SYSTEMPATH\View\View.php(229): CodeIgniter\View\View->CodeIgniter\View\{closure}()
 4 SYSTEMPATH\Common.php(1167): CodeIgniter\View\View->render('home', [], true)
 5 APPPATH\Controllers\Home.php(50): view('home', [...])
 6 SYSTEMPATH\CodeIgniter.php(933): App\Controllers\Home->index()
 7 SYSTEMPATH\CodeIgniter.php(507): CodeIgniter\CodeIgniter->runController(Object(App\Controllers\Home))
 8 SYSTEMPATH\CodeIgniter.php(354): CodeIgniter\CodeIgniter->handleRequest(null, Object(Config\Cache), false)
 9 SYSTEMPATH\Boot.php(363): CodeIgniter\CodeIgniter->run()
10 SYSTEMPATH\Boot.php(68): CodeIgniter\Boot::runCodeIgniter(Object(CodeIgniter\CodeIgniter))
11 FCPATH\index.php(59): CodeIgniter\Boot::bootWeb(Object(Config\Paths))
12 SYSTEMPATH\rewrite.php(44): require_once('C:\\xampp\\htdocs\\unimarket\\Unimarket-PHP\\public\\index.php')
DEBUG - 2025-11-17 02:25:47 --> Session: Class initialized using 'CodeIgniter\Session\Handlers\FileHandler' driver.
CRITICAL - 2025-11-17 02:25:47 --> ErrorException: Attempt to read property "nome" on null
[Method: GET, Route: home]
in APPPATH\Views\home.php on line 83.
 1 APPPATH\Views\home.php(83): CodeIgniter\Debug\Exceptions->errorHandler(2, 'Attempt to read property "nome" on null', 'C:\\xampp\\htdocs\\unimarket\\Unimarket-PHP\\app\\Views\\home.php', 83)
 2 SYSTEMPATH\View\View.php(226): include('C:\\xampp\\htdocs\\unimarket\\Unimarket-PHP\\app\\Views\\home.php')
 3 SYSTEMPATH\View\View.php(229): CodeIgniter\View\View->CodeIgniter\View\{closure}()
 4 SYSTEMPATH\Common.php(1167): CodeIgniter\View\View->render('home', [], true)
 5 APPPATH\Controllers\Home.php(50): view('home', [...])
 6 SYSTEMPATH\CodeIgniter.php(933): App\Controllers\Home->index()
 7 SYSTEMPATH\CodeIgniter.php(507): CodeIgniter\CodeIgniter->runController(Object(App\Controllers\Home))
 8 SYSTEMPATH\CodeIgniter.php(354): CodeIgniter\CodeIgniter->handleRequest(null, Object(Config\Cache), false)
 9 SYSTEMPATH\Boot.php(363): CodeIgniter\CodeIgniter->run()
10 SYSTEMPATH\Boot.php(68): CodeIgniter\Boot::runCodeIgniter(Object(CodeIgniter\CodeIgniter))
11 FCPATH\index.php(59): CodeIgniter\Boot::bootWeb(Object(Config\Paths))
12 SYSTEMPATH\rewrite.php(44): require_once('C:\\xampp\\htdocs\\unimarket\\Unimarket-PHP\\public\\index.php')
DEBUG - 2025-11-17 02:25:48 --> Session: Class initialized using 'CodeIgniter\Session\Handlers\FileHandler' driver.
CRITICAL - 2025-11-17 02:25:48 --> ErrorException: Attempt to read property "nome" on null
[Method: GET, Route: home]
in APPPATH\Views\home.php on line 83.
 1 APPPATH\Views\home.php(83): CodeIgniter\Debug\Exceptions->errorHandler(2, 'Attempt to read property "nome" on null', 'C:\\xampp\\htdocs\\unimarket\\Unimarket-PHP\\app\\Views\\home.php', 83)
 2 SYSTEMPATH\View\View.php(226): include('C:\\xampp\\htdocs\\unimarket\\Unimarket-PHP\\app\\Views\\home.php')
 3 SYSTEMPATH\View\View.php(229): CodeIgniter\View\View->CodeIgniter\View\{closure}()
 4 SYSTEMPATH\Common.php(1167): CodeIgniter\View\View->render('home', [], true)
 5 APPPATH\Controllers\Home.php(50): view('home', [...])
 6 SYSTEMPATH\CodeIgniter.php(933): App\Controllers\Home->index()
 7 SYSTEMPATH\CodeIgniter.php(507): CodeIgniter\CodeIgniter->runController(Object(App\Controllers\Home))
 8 SYSTEMPATH\CodeIgniter.php(354): CodeIgniter\CodeIgniter->handleRequest(null, Object(Config\Cache), false)
 9 SYSTEMPATH\Boot.php(363): CodeIgniter\CodeIgniter->run()
10 SYSTEMPATH\Boot.php(68): CodeIgniter\Boot::runCodeIgniter(Object(CodeIgniter\CodeIgniter))
11 FCPATH\index.php(59): CodeIgniter\Boot::bootWeb(Object(Config\Paths))
12 SYSTEMPATH\rewrite.php(44): require_once('C:\\xampp\\htdocs\\unimarket\\Unimarket-PHP\\public\\index.php')
DEBUG - 2025-11-17 02:25:54 --> Session: Class initialized using 'CodeIgniter\Session\Handlers\FileHandler' driver.
DEBUG - 2025-11-17 02:25:54 --> Session: Class initialized using 'CodeIgniter\Session\Handlers\FileHandler' driver.
CRITICAL - 2025-11-17 02:25:54 --> ErrorException: Attempt to read property "nome" on null
[Method: GET, Route: home]
in APPPATH\Views\home.php on line 83.
 1 APPPATH\Views\home.php(83): CodeIgniter\Debug\Exceptions->errorHandler(2, 'Attempt to read property "nome" on null', 'C:\\xampp\\htdocs\\unimarket\\Unimarket-PHP\\app\\Views\\home.php', 83)
 2 SYSTEMPATH\View\View.php(226): include('C:\\xampp\\htdocs\\unimarket\\Unimarket-PHP\\app\\Views\\home.php')
 3 SYSTEMPATH\View\View.php(229): CodeIgniter\View\View->CodeIgniter\View\{closure}()
 4 SYSTEMPATH\Common.php(1167): CodeIgniter\View\View->render('home', [], true)
 5 APPPATH\Controllers\Home.php(50): view('home', [...])
 6 SYSTEMPATH\CodeIgniter.php(933): App\Controllers\Home->index()
 7 SYSTEMPATH\CodeIgniter.php(507): CodeIgniter\CodeIgniter->runController(Object(App\Controllers\Home))
 8 SYSTEMPATH\CodeIgniter.php(354): CodeIgniter\CodeIgniter->handleRequest(null, Object(Config\Cache), false)
 9 SYSTEMPATH\Boot.php(363): CodeIgniter\CodeIgniter->run()
10 SYSTEMPATH\Boot.php(68): CodeIgniter\Boot::runCodeIgniter(Object(CodeIgniter\CodeIgniter))
11 FCPATH\index.php(59): CodeIgniter\Boot::bootWeb(Object(Config\Paths))
12 SYSTEMPATH\rewrite.php(44): require_once('C:\\xampp\\htdocs\\unimarket\\Unimarket-PHP\\public\\index.php')
DEBUG - 2025-11-17 02:26:04 --> Session: Class initialized using 'CodeIgniter\Session\Handlers\FileHandler' driver.
CRITICAL - 2025-11-17 02:26:04 --> ErrorException: Attempt to read property "nome" on null
[Method: GET, Route: home]
in APPPATH\Views\home.php on line 83.
 1 APPPATH\Views\home.php(83): CodeIgniter\Debug\Exceptions->errorHandler(2, 'Attempt to read property "nome" on null', 'C:\\xampp\\htdocs\\unimarket\\Unimarket-PHP\\app\\Views\\home.php', 83)
 2 SYSTEMPATH\View\View.php(226): include('C:\\xampp\\htdocs\\unimarket\\Unimarket-PHP\\app\\Views\\home.php')
 3 SYSTEMPATH\View\View.php(229): CodeIgniter\View\View->CodeIgniter\View\{closure}()
 4 SYSTEMPATH\Common.php(1167): CodeIgniter\View\View->render('home', [], true)
 5 APPPATH\Controllers\Home.php(50): view('home', [...])
 6 SYSTEMPATH\CodeIgniter.php(933): App\Controllers\Home->index()
 7 SYSTEMPATH\CodeIgniter.php(507): CodeIgniter\CodeIgniter->runController(Object(App\Controllers\Home))
 8 SYSTEMPATH\CodeIgniter.php(354): CodeIgniter\CodeIgniter->handleRequest(null, Object(Config\Cache), false)
 9 SYSTEMPATH\Boot.php(363): CodeIgniter\CodeIgniter->run()
10 SYSTEMPATH\Boot.php(68): CodeIgniter\Boot::runCodeIgniter(Object(CodeIgniter\CodeIgniter))
11 FCPATH\index.php(59): CodeIgniter\Boot::bootWeb(Object(Config\Paths))
12 SYSTEMPATH\rewrite.php(44): require_once('C:\\xampp\\htdocs\\unimarket\\Unimarket-PHP\\public\\index.php')
DEBUG - 2025-11-17 02:27:12 --> Session: Class initialized using 'CodeIgniter\Session\Handlers\FileHandler' driver.
CRITICAL - 2025-11-17 02:27:12 --> ErrorException: Attempt to read property "nome" on null
[Method: GET, Route: home]
in APPPATH\Views\home.php on line 88.
 1 APPPATH\Views\home.php(88): CodeIgniter\Debug\Exceptions->errorHandler(2, 'Attempt to read property "nome" on null', 'C:\\xampp\\htdocs\\unimarket\\Unimarket-PHP\\app\\Views\\home.php', 88)
 2 SYSTEMPATH\View\View.php(226): include('C:\\xampp\\htdocs\\unimarket\\Unimarket-PHP\\app\\Views\\home.php')
 3 SYSTEMPATH\View\View.php(229): CodeIgniter\View\View->CodeIgniter\View\{closure}()
 4 SYSTEMPATH\Common.php(1167): CodeIgniter\View\View->render('home', [], true)
 5 APPPATH\Controllers\Home.php(50): view('home', [...])
 6 SYSTEMPATH\CodeIgniter.php(933): App\Controllers\Home->index()
 7 SYSTEMPATH\CodeIgniter.php(507): CodeIgniter\CodeIgniter->runController(Object(App\Controllers\Home))
 8 SYSTEMPATH\CodeIgniter.php(354): CodeIgniter\CodeIgniter->handleRequest(null, Object(Config\Cache), false)
 9 SYSTEMPATH\Boot.php(363): CodeIgniter\CodeIgniter->run()
10 SYSTEMPATH\Boot.php(68): CodeIgniter\Boot::runCodeIgniter(Object(CodeIgniter\CodeIgniter))
11 FCPATH\index.php(59): CodeIgniter\Boot::bootWeb(Object(Config\Paths))
12 SYSTEMPATH\rewrite.php(44): require_once('C:\\xampp\\htdocs\\unimarket\\Unimarket-PHP\\public\\index.php')
DEBUG - 2025-11-17 02:27:50 --> Session: Class initialized using 'CodeIgniter\Session\Handlers\FileHandler' driver.
CRITICAL - 2025-11-17 02:27:50 --> ErrorException: Attempt to read property "nome" on null
[Method: GET, Route: home]
in APPPATH\Views\home.php on line 83.
 1 APPPATH\Views\home.php(83): CodeIgniter\Debug\Exceptions->errorHandler(2, 'Attempt to read property "nome" on null', 'C:\\xampp\\htdocs\\unimarket\\Unimarket-PHP\\app\\Views\\home.php', 83)
 2 SYSTEMPATH\View\View.php(226): include('C:\\xampp\\htdocs\\unimarket\\Unimarket-PHP\\app\\Views\\home.php')
 3 SYSTEMPATH\View\View.php(229): CodeIgniter\View\View->CodeIgniter\View\{closure}()
 4 SYSTEMPATH\Common.php(1167): CodeIgniter\View\View->render('home', [], true)
 5 APPPATH\Controllers\Home.php(50): view('home', [...])
 6 SYSTEMPATH\CodeIgniter.php(933): App\Controllers\Home->index()
 7 SYSTEMPATH\CodeIgniter.php(507): CodeIgniter\CodeIgniter->runController(Object(App\Controllers\Home))
 8 SYSTEMPATH\CodeIgniter.php(354): CodeIgniter\CodeIgniter->handleRequest(null, Object(Config\Cache), false)
 9 SYSTEMPATH\Boot.php(363): CodeIgniter\CodeIgniter->run()
10 SYSTEMPATH\Boot.php(68): CodeIgniter\Boot::runCodeIgniter(Object(CodeIgniter\CodeIgniter))
11 FCPATH\index.php(59): CodeIgniter\Boot::bootWeb(Object(Config\Paths))
12 SYSTEMPATH\rewrite.php(44): require_once('C:\\xampp\\htdocs\\unimarket\\Unimarket-PHP\\public\\index.php')
DEBUG - 2025-11-17 02:29:59 --> Session: Class initialized using 'CodeIgniter\Session\Handlers\FileHandler' driver.
CRITICAL - 2025-11-17 02:29:59 --> ErrorException: Attempt to read property "nome" on null
[Method: GET, Route: home]
in APPPATH\Views\home.php on line 98.
 1 APPPATH\Views\home.php(98): CodeIgniter\Debug\Exceptions->errorHandler(2, 'Attempt to read property "nome" on null', 'C:\\xampp\\htdocs\\unimarket\\Unimarket-PHP\\app\\Views\\home.php', 98)
 2 SYSTEMPATH\View\View.php(226): include('C:\\xampp\\htdocs\\unimarket\\Unimarket-PHP\\app\\Views\\home.php')
 3 SYSTEMPATH\View\View.php(229): CodeIgniter\View\View->CodeIgniter\View\{closure}()
 4 SYSTEMPATH\Common.php(1167): CodeIgniter\View\View->render('home', [], true)
 5 APPPATH\Controllers\Home.php(50): view('home', [...])
 6 SYSTEMPATH\CodeIgniter.php(933): App\Controllers\Home->index()
 7 SYSTEMPATH\CodeIgniter.php(507): CodeIgniter\CodeIgniter->runController(Object(App\Controllers\Home))
 8 SYSTEMPATH\CodeIgniter.php(354): CodeIgniter\CodeIgniter->handleRequest(null, Object(Config\Cache), false)
 9 SYSTEMPATH\Boot.php(363): CodeIgniter\CodeIgniter->run()
10 SYSTEMPATH\Boot.php(68): CodeIgniter\Boot::runCodeIgniter(Object(CodeIgniter\CodeIgniter))
11 FCPATH\index.php(59): CodeIgniter\Boot::bootWeb(Object(Config\Paths))
12 SYSTEMPATH\rewrite.php(44): require_once('C:\\xampp\\htdocs\\unimarket\\Unimarket-PHP\\public\\index.php')
DEBUG - 2025-11-17 02:30:12 --> Session: Class initialized using 'CodeIgniter\Session\Handlers\FileHandler' driver.
CRITICAL - 2025-11-17 02:30:13 --> ErrorException: Attempt to read property "nome" on null
[Method: GET, Route: home]
in APPPATH\Views\home.php on line 98.
 1 APPPATH\Views\home.php(98): CodeIgniter\Debug\Exceptions->errorHandler(2, 'Attempt to read property "nome" on null', 'C:\\xampp\\htdocs\\unimarket\\Unimarket-PHP\\app\\Views\\home.php', 98)
 2 SYSTEMPATH\View\View.php(226): include('C:\\xampp\\htdocs\\unimarket\\Unimarket-PHP\\app\\Views\\home.php')
 3 SYSTEMPATH\View\View.php(229): CodeIgniter\View\View->CodeIgniter\View\{closure}()
 4 SYSTEMPATH\Common.php(1167): CodeIgniter\View\View->render('home', [], true)
 5 APPPATH\Controllers\Home.php(50): view('home', [...])
 6 SYSTEMPATH\CodeIgniter.php(933): App\Controllers\Home->index()
 7 SYSTEMPATH\CodeIgniter.php(507): CodeIgniter\CodeIgniter->runController(Object(App\Controllers\Home))
 8 SYSTEMPATH\CodeIgniter.php(354): CodeIgniter\CodeIgniter->handleRequest(null, Object(Config\Cache), false)
 9 SYSTEMPATH\Boot.php(363): CodeIgniter\CodeIgniter->run()
10 SYSTEMPATH\Boot.php(68): CodeIgniter\Boot::runCodeIgniter(Object(CodeIgniter\CodeIgniter))
11 FCPATH\index.php(59): CodeIgniter\Boot::bootWeb(Object(Config\Paths))
12 SYSTEMPATH\rewrite.php(44): require_once('C:\\xampp\\htdocs\\unimarket\\Unimarket-PHP\\public\\index.php')
DEBUG - 2025-11-17 02:31:33 --> Session: Class initialized using 'CodeIgniter\Session\Handlers\FileHandler' driver.
CRITICAL - 2025-11-17 02:31:33 --> ErrorException: Attempt to read property "nome" on null
[Method: GET, Route: home]
in APPPATH\Views\home.php on line 83.
 1 APPPATH\Views\home.php(83): CodeIgniter\Debug\Exceptions->errorHandler(2, 'Attempt to read property "nome" on null', 'C:\\xampp\\htdocs\\unimarket\\Unimarket-PHP\\app\\Views\\home.php', 83)
 2 SYSTEMPATH\View\View.php(226): include('C:\\xampp\\htdocs\\unimarket\\Unimarket-PHP\\app\\Views\\home.php')
 3 SYSTEMPATH\View\View.php(229): CodeIgniter\View\View->CodeIgniter\View\{closure}()
 4 SYSTEMPATH\Common.php(1167): CodeIgniter\View\View->render('home', [], true)
 5 APPPATH\Controllers\Home.php(50): view('home', [...])
 6 SYSTEMPATH\CodeIgniter.php(933): App\Controllers\Home->index()
 7 SYSTEMPATH\CodeIgniter.php(507): CodeIgniter\CodeIgniter->runController(Object(App\Controllers\Home))
 8 SYSTEMPATH\CodeIgniter.php(354): CodeIgniter\CodeIgniter->handleRequest(null, Object(Config\Cache), false)
 9 SYSTEMPATH\Boot.php(363): CodeIgniter\CodeIgniter->run()
10 SYSTEMPATH\Boot.php(68): CodeIgniter\Boot::runCodeIgniter(Object(CodeIgniter\CodeIgniter))
11 FCPATH\index.php(59): CodeIgniter\Boot::bootWeb(Object(Config\Paths))
12 SYSTEMPATH\rewrite.php(44): require_once('C:\\xampp\\htdocs\\unimarket\\Unimarket-PHP\\public\\index.php')
DEBUG - 2025-11-17 02:31:46 --> Session: Class initialized using 'CodeIgniter\Session\Handlers\FileHandler' driver.
CRITICAL - 2025-11-17 02:31:46 --> ErrorException: Attempt to read property "nome" on null
[Method: GET, Route: home]
in APPPATH\Views\home.php on line 83.
 1 APPPATH\Views\home.php(83): CodeIgniter\Debug\Exceptions->errorHandler(2, 'Attempt to read property "nome" on null', 'C:\\xampp\\htdocs\\unimarket\\Unimarket-PHP\\app\\Views\\home.php', 83)
 2 SYSTEMPATH\View\View.php(226): include('C:\\xampp\\htdocs\\unimarket\\Unimarket-PHP\\app\\Views\\home.php')
 3 SYSTEMPATH\View\View.php(229): CodeIgniter\View\View->CodeIgniter\View\{closure}()
 4 SYSTEMPATH\Common.php(1167): CodeIgniter\View\View->render('home', [], true)
 5 APPPATH\Controllers\Home.php(50): view('home', [...])
 6 SYSTEMPATH\CodeIgniter.php(933): App\Controllers\Home->index()
 7 SYSTEMPATH\CodeIgniter.php(507): CodeIgniter\CodeIgniter->runController(Object(App\Controllers\Home))
 8 SYSTEMPATH\CodeIgniter.php(354): CodeIgniter\CodeIgniter->handleRequest(null, Object(Config\Cache), false)
 9 SYSTEMPATH\Boot.php(363): CodeIgniter\CodeIgniter->run()
10 SYSTEMPATH\Boot.php(68): CodeIgniter\Boot::runCodeIgniter(Object(CodeIgniter\CodeIgniter))
11 FCPATH\index.php(59): CodeIgniter\Boot::bootWeb(Object(Config\Paths))
12 SYSTEMPATH\rewrite.php(44): require_once('C:\\xampp\\htdocs\\unimarket\\Unimarket-PHP\\public\\index.php')
DEBUG - 2025-11-17 02:31:50 --> Session: Class initialized using 'CodeIgniter\Session\Handlers\FileHandler' driver.
CRITICAL - 2025-11-17 02:31:50 --> ErrorException: Attempt to read property "nome" on null
[Method: GET, Route: home]
in APPPATH\Views\home.php on line 83.
 1 APPPATH\Views\home.php(83): CodeIgniter\Debug\Exceptions->errorHandler(2, 'Attempt to read property "nome" on null', 'C:\\xampp\\htdocs\\unimarket\\Unimarket-PHP\\app\\Views\\home.php', 83)
 2 SYSTEMPATH\View\View.php(226): include('C:\\xampp\\htdocs\\unimarket\\Unimarket-PHP\\app\\Views\\home.php')
 3 SYSTEMPATH\View\View.php(229): CodeIgniter\View\View->CodeIgniter\View\{closure}()
 4 SYSTEMPATH\Common.php(1167): CodeIgniter\View\View->render('home', [], true)
 5 APPPATH\Controllers\Home.php(50): view('home', [...])
 6 SYSTEMPATH\CodeIgniter.php(933): App\Controllers\Home->index()
 7 SYSTEMPATH\CodeIgniter.php(507): CodeIgniter\CodeIgniter->runController(Object(App\Controllers\Home))
 8 SYSTEMPATH\CodeIgniter.php(354): CodeIgniter\CodeIgniter->handleRequest(null, Object(Config\Cache), false)
 9 SYSTEMPATH\Boot.php(363): CodeIgniter\CodeIgniter->run()
10 SYSTEMPATH\Boot.php(68): CodeIgniter\Boot::runCodeIgniter(Object(CodeIgniter\CodeIgniter))
11 FCPATH\index.php(59): CodeIgniter\Boot::bootWeb(Object(Config\Paths))
12 SYSTEMPATH\rewrite.php(44): require_once('C:\\xampp\\htdocs\\unimarket\\Unimarket-PHP\\public\\index.php')
DEBUG - 2025-11-17 02:35:32 --> Session: Class initialized using 'CodeIgniter\Session\Handlers\FileHandler' driver.
DEBUG - 2025-11-17 02:36:14 --> Session: Class initialized using 'CodeIgniter\Session\Handlers\FileHandler' driver.
DEBUG - 2025-11-17 02:38:12 --> Session: Class initialized using 'CodeIgniter\Session\Handlers\FileHandler' driver.
DEBUG - 2025-11-17 02:38:18 --> Session: Class initialized using 'CodeIgniter\Session\Handlers\FileHandler' driver.
DEBUG - 2025-11-17 02:38:38 --> Session: Class initialized using 'CodeIgniter\Session\Handlers\FileHandler' driver.
DEBUG - 2025-11-17 02:42:15 --> Session: Class initialized using 'CodeIgniter\Session\Handlers\FileHandler' driver.
DEBUG - 2025-11-17 02:42:38 --> Session: Class initialized using 'CodeIgniter\Session\Handlers\FileHandler' driver.
DEBUG - 2025-11-17 02:43:50 --> Session: Class initialized using 'CodeIgniter\Session\Handlers\FileHandler' driver.
DEBUG - 2025-11-17 02:44:00 --> Session: Class initialized using 'CodeIgniter\Session\Handlers\FileHandler' driver.
DEBUG - 2025-11-17 02:47:46 --> Session: Class initialized using 'CodeIgniter\Session\Handlers\FileHandler' driver.
DEBUG - 2025-11-17 02:48:39 --> Session: Class initialized using 'CodeIgniter\Session\Handlers\FileHandler' driver.
DEBUG - 2025-11-17 02:49:09 --> Session: Class initialized using 'CodeIgniter\Session\Handlers\FileHandler' driver.
DEBUG - 2025-11-17 02:51:16 --> Session: Class initialized using 'CodeIgniter\Session\Handlers\FileHandler' driver.
